Directory 'C:\Program Files\Amazon Corretto\jdk17.0.10_7' (Windows Registry) used for java installations does not exist
> Task :compileJava UP-TO-DATE
> Task :processResources UP-TO-DATE
> Task :classes UP-TO-DATE
> Task :resolveMainClassName

> Task :bootRun

  .   ____          _            __ _ _
 /\\ / ___'_ __ _ _(_)_ __  __ _ \ \ \ \
( ( )\___ | '_ | '_| | '_ \/ _` | \ \ \ \
 \\/  ___)| |_)| | | | | || (_| |  ) ) ) )
  '  |____| .__|_| |_|_| |_\__, | / / / /
 =========|_|==============|___/=/_/_/_/

 :: Spring Boot ::                (v3.5.9)

2026-03-15 01:18:06.281 [N/A] INFO  o.h.validator.internal.util.Version - HV000001: Hibernate Validator 8.0.3.Final
2026-03-15 01:18:06.334 [N/A] INFO  c.c.cohiChat.CohiChatApplication - Starting CohiChatApplication using Java 21.0.9 with PID 5864 (C:\Users\hyeonyeong\Desktop\prj\cohichat\backend\build\classes\java\main started by hyeonyeong in C:\Users\hyeonyeong\Desktop\prj\cohichat\backend)
2026-03-15 01:18:06.334 [N/A] DEBUG c.c.cohiChat.CohiChatApplication - Running with Spring Boot v3.5.9, Spring v6.2.15
2026-03-15 01:18:06.335 [N/A] INFO  c.c.cohiChat.CohiChatApplication - The following 1 profile is active: "local"
2026-03-15 01:18:06.416 [N/A] INFO  o.s.b.d.e.DevToolsPropertyDefaultsPostProcessor - Devtools property defaults active! Set 'spring.devtools.add-properties' to 'false' to disable
2026-03-15 01:18:06.416 [N/A] INFO  o.s.b.d.e.DevToolsPropertyDefaultsPostProcessor - For additional web related logging consider setting the 'logging.level.web' property to 'DEBUG'
2026-03-15 01:18:07.894 [N/A] INFO  o.s.d.r.c.RepositoryConfigurationDelegate - Multiple Spring Data modules found, entering strict repository configuration mode
2026-03-15 01:18:07.894 [N/A] INFO  o.s.d.r.c.RepositoryConfigurationDelegate - Bootstrapping Spring Data Redis repositories in DEFAULT mode.
2026-03-15 01:18:07.915 [N/A] INFO  o.s.d.r.c.RepositoryConfigurationDelegate - Finished Spring Data repository scanning in 5 ms. Found 0 Redis repository interfaces.
2026-03-15 01:18:08.494 [N/A] INFO  o.s.d.r.c.RepositoryConfigurationDelegate - Multiple Spring Data modules found, entering strict repository configuration mode
2026-03-15 01:18:08.495 [N/A] INFO  o.s.d.r.c.RepositoryConfigurationDelegate - Bootstrapping Spring Data JPA repositories in DEFAULT mode.
2026-03-15 01:18:08.653 [N/A] INFO  o.s.d.r.c.RepositoryConfigurationExtensionSupport - Spring Data JPA - Could not safely identify store assignment for repository candidate interface com.coDevs.cohiChat.member.AccessTokenBlacklistRepository; If you want this repository to be a JPA repository, consider annotating your entities with one of these annotations: jakarta.persistence.Entity, jakarta.persistence.MappedSuperclass (preferred), or consider extending one of the following types with your repository: org.springframework.data.jpa.repository.JpaRepository
2026-03-15 01:18:08.659 [N/A] INFO  o.s.d.r.c.RepositoryConfigurationExtensionSupport - Spring Data JPA - Could not safely identify store assignment for repository candidate interface com.coDevs.cohiChat.member.RefreshTokenRepository; If you want this repository to be a JPA repository, consider annotating your entities with one of these annotations: jakarta.persistence.Entity, jakarta.persistence.MappedSuperclass (preferred), or consider extending one of the following types with your repository: org.springframework.data.jpa.repository.JpaRepository
2026-03-15 01:18:08.661 [N/A] INFO  o.s.d.r.c.RepositoryConfigurationExtensionSupport - Spring Data JPA - Could not safely identify store assignment for repository candidate interface com.coDevs.cohiChat.member.repository.PasswordResetTokenRepository; If you want this repository to be a JPA repository, consider annotating your entities with one of these annotations: jakarta.persistence.Entity, jakarta.persistence.MappedSuperclass (preferred), or consider extending one of the following types with your repository: org.springframework.data.jpa.repository.JpaRepository
2026-03-15 01:18:08.664 [N/A] INFO  o.s.d.r.c.RepositoryConfigurationExtensionSupport - Spring Data JPA - Could not safely identify store assignment for repository candidate interface com.coDevs.cohiChat.oauth.OAuthStateRepository; If you want this repository to be a JPA repository, consider annotating your entities with one of these annotations: jakarta.persistence.Entity, jakarta.persistence.MappedSuperclass (preferred), or consider extending one of the following types with your repository: org.springframework.data.jpa.repository.JpaRepository
2026-03-15 01:18:08.698 [N/A] INFO  o.s.d.r.c.RepositoryConfigurationDelegate - Finished Spring Data repository scanning in 199 ms. Found 6 JPA repository interfaces.
2026-03-15 01:18:08.705 [N/A] INFO  o.s.d.r.c.RepositoryConfigurationDelegate - Multiple Spring Data modules found, entering strict repository configuration mode
2026-03-15 01:18:08.705 [N/A] INFO  o.s.d.r.c.RepositoryConfigurationDelegate - Bootstrapping Spring Data Redis repositories in DEFAULT mode.
2026-03-15 01:18:08.722 [N/A] INFO  o.s.d.r.c.RepositoryConfigurationExtensionSupport - Spring Data Redis - Could not safely identify store assignment for repository candidate interface com.coDevs.cohiChat.booking.BookingFileRepository; If you want this repository to be a Redis repository, consider annotating your entities with one of these annotations: org.springframework.data.redis.core.RedisHash (preferred), or consider extending one of the following types with your repository: org.springframework.data.keyvalue.repository.KeyValueRepository
2026-03-15 01:18:08.722 [N/A] INFO  o.s.d.r.c.RepositoryConfigurationExtensionSupport - Spring Data Redis - Could not safely identify store assignment for repository candidate interface com.coDevs.cohiChat.booking.BookingRepository; If you want this repository to be a Redis repository, consider annotating your entities with one of these annotations: org.springframework.data.redis.core.RedisHash (preferred), or consider extending one of the following types with your repository: org.springframework.data.keyvalue.repository.KeyValueRepository
2026-03-15 01:18:08.723 [N/A] INFO  o.s.d.r.c.RepositoryConfigurationExtensionSupport - Spring Data Redis - Could not safely identify store assignment for repository candidate interface com.coDevs.cohiChat.booking.NoShowHistoryRepository; If you want this repository to be a Redis repository, consider annotating your entities with one of these annotations: org.springframework.data.redis.core.RedisHash (preferred), or consider extending one of the following types with your repository: org.springframework.data.keyvalue.repository.KeyValueRepository
2026-03-15 01:18:08.723 [N/A] INFO  o.s.d.r.c.RepositoryConfigurationExtensionSupport - Spring Data Redis - Could not safely identify store assignment for repository candidate interface com.coDevs.cohiChat.calendar.CalendarRepository; If you want this repository to be a Redis repository, consider annotating your entities with one of these annotations: org.springframework.data.redis.core.RedisHash (preferred), or consider extending one of the following types with your repository: org.springframework.data.keyvalue.repository.KeyValueRepository
2026-03-15 01:18:08.724 [N/A] INFO  o.s.d.r.c.RepositoryConfigurationExtensionSupport - Spring Data Redis - Could not safely identify store assignment for repository candidate interface com.coDevs.cohiChat.member.MemberRepository; If you want this repository to be a Redis repository, consider annotating your entities with one of these annotations: org.springframework.data.redis.core.RedisHash (preferred), or consider extending one of the following types with your repository: org.springframework.data.keyvalue.repository.KeyValueRepository
2026-03-15 01:18:08.725 [N/A] INFO  o.s.d.r.c.RepositoryConfigurationExtensionSupport - Spring Data Redis - Could not safely identify store assignment for repository candidate interface com.coDevs.cohiChat.timeslot.TimeSlotRepository; If you want this repository to be a Redis repository, consider annotating your entities with one of these annotations: org.springframework.data.redis.core.RedisHash (preferred), or consider extending one of the following types with your repository: org.springframework.data.keyvalue.repository.KeyValueRepository
2026-03-15 01:18:08.739 [N/A] INFO  o.s.d.r.c.RepositoryConfigurationDelegate - Finished Spring Data repository scanning in 32 ms. Found 4 Redis repository interfaces.
2026-03-15 01:18:09.563 [N/A] INFO  o.s.b.w.e.tomcat.TomcatWebServer - Tomcat initialized with port 8080 (http)
2026-03-15 01:18:09.577 [N/A] INFO  o.a.coyote.http11.Http11NioProtocol - Initializing ProtocolHandler ["http-nio-8080"]
2026-03-15 01:18:09.580 [N/A] INFO  o.a.catalina.core.StandardService - Starting service [Tomcat]
2026-03-15 01:18:09.580 [N/A] INFO  o.a.catalina.core.StandardEngine - Starting Servlet engine: [Apache Tomcat/10.1.50]
2026-03-15 01:18:09.653 [N/A] INFO  o.a.c.c.C.[.[localhost].[/api] - Initializing Spring embedded WebApplicationContext
2026-03-15 01:18:09.653 [N/A] INFO  o.s.b.w.s.c.ServletWebServerApplicationContext - Root WebApplicationContext: initialization completed in 3236 ms
2026-03-15 01:18:09.838 [N/A] DEBUG c.c.c.g.o.HttpLoggingFilter - Filter 'httpLoggingFilter' configured for use
2026-03-15 01:18:09.840 [N/A] DEBUG c.c.c.g.o.RequestIdFilter - Filter 'requestIdFilter' configured for use
2026-03-15 01:18:09.898 [N/A] INFO  c.c.c.g.o.DataSourceProxyConfig - DataSource proxy enabled with slow query threshold: 100ms
2026-03-15 01:18:09.982 [N/A] INFO  o.h.jpa.internal.util.LogHelper - HHH000204: Processing PersistenceUnitInfo [name: default]
2026-03-15 01:18:10.046 [N/A] INFO  org.hibernate.Version - HHH000412: Hibernate ORM core version 6.6.39.Final
2026-03-15 01:18:10.100 [N/A] INFO  o.h.c.i.RegionFactoryInitiator - HHH000026: Second-level cache disabled
2026-03-15 01:18:10.439 [N/A] INFO  o.s.o.j.p.SpringPersistenceUnitInfo - No LoadTimeWeaver setup: ignoring JPA class transformer
2026-03-15 01:18:10.474 [N/A] INFO  com.zaxxer.hikari.HikariDataSource - HikariPool-1 - Starting...
2026-03-15 01:18:10.619 [N/A] INFO  com.zaxxer.hikari.pool.HikariPool - HikariPool-1 - Added connection org.postgresql.jdbc.PgConnection@1518477e
2026-03-15 01:18:10.622 [N/A] INFO  com.zaxxer.hikari.HikariDataSource - HikariPool-1 - Start completed.
2026-03-15 01:18:10.666 [N/A] WARN  org.hibernate.orm.deprecation - HHH90000025: PostgreSQLDialect does not need to be specified explicitly using 'hibernate.dialect' (remove the property setting and it will be selected by default)
2026-03-15 01:18:10.693 [N/A] INFO  o.hibernate.orm.connections.pooling - HHH10001005: Database info:
	Database JDBC URL [Connecting through datasource 'net.ttddyy.dsproxy.support.ProxyDataSource@7e4f6abf']
	Database driver: undefined/unknown
	Database version: 17.8
	Autocommit mode: undefined/unknown
	Isolation level: undefined/unknown
	Minimum pool size: undefined/unknown
	Maximum pool size: undefined/unknown
2026-03-15 01:18:11.995 [N/A] INFO  o.h.e.t.j.p.i.JtaPlatformInitiator - HHH000489: No JTA platform available (set 'hibernate.transaction.jta.platform' to enable JTA platform integration)
2026-03-15 01:18:12.146 [N/A] INFO  o.s.o.j.LocalContainerEntityManagerFactoryBean - Initialized JPA EntityManagerFactory for persistence unit 'default'
2026-03-15 01:18:12.408 [N/A] INFO  o.s.d.j.r.query.QueryEnhancerFactory - Hibernate is in classpath; If applicable, HQL parser will be used.
2026-03-15 01:18:14.332 [N/A] DEBUG c.c.c.g.c.GoogleCalendarConfig - [googleCalendarCredentials] [START] source=FILE
2026-03-15 01:18:14.430 [N/A] INFO  c.c.c.g.c.GoogleCalendarConfig - [googleCalendarInit] [SUCCESS] credentials=SERVICE_ACCOUNT
2026-03-15 01:18:15.517 [N/A] INFO  o.s.b.d.a.OptionalLiveReloadServer - LiveReload server is running on port 35729
2026-03-15 01:18:16.030 [N/A] WARN  o.s.b.a.o.j.JpaBaseConfiguration$JpaWebConfiguration - spring.jpa.open-in-view is enabled by default. Therefore, database queries may be performed during view rendering. Explicitly configure spring.jpa.open-in-view to disable this warning
2026-03-15 01:18:16.373 [N/A] INFO  o.s.b.a.e.web.EndpointLinksResolver - Exposing 2 endpoints beneath base path '/actuator'
2026-03-15 01:18:16.419 [N/A] WARN  o.s.b.a.s.s.UserDetailsServiceAutoConfiguration - 

Using generated security password: 95bd8657-004e-47d5-aac2-5a31a60def44

This generated password is for development use only. Your security configuration must be updated before running your application in production.

2026-03-15 01:18:16.427 [N/A] INFO  o.s.s.c.a.a.c.InitializeUserDetailsBeanManagerConfigurer$InitializeUserDetailsManagerConfigurer - Global AuthenticationManager configured with UserDetailsService bean with name inMemoryUserDetailsManager
2026-03-15 01:18:16.569 [N/A] WARN  o.s.s.c.a.web.builders.WebSecurity - You are asking Spring Security to ignore Deferred [Mvc [pattern='/v3/api-docs/**'], Ant [pattern='/v3/api-docs/**']]. This is not recommended -- please use permitAll via HttpSecurity#authorizeHttpRequests instead.
2026-03-15 01:18:16.569 [N/A] WARN  o.s.s.c.a.web.builders.WebSecurity - You are asking Spring Security to ignore Deferred [Mvc [pattern='/swagger-ui/**'], Ant [pattern='/swagger-ui/**']]. This is not recommended -- please use permitAll via HttpSecurity#authorizeHttpRequests instead.
2026-03-15 01:18:16.569 [N/A] WARN  o.s.s.c.a.web.builders.WebSecurity - You are asking Spring Security to ignore Deferred [Mvc [pattern='/swagger-ui.html'], Ant [pattern='/swagger-ui.html']]. This is not recommended -- please use permitAll via HttpSecurity#authorizeHttpRequests instead.
2026-03-15 01:18:17.044 [N/A] INFO  o.s.b.a.h.H2ConsoleAutoConfiguration - H2 console available at '/h2-console'. Database available at 'jdbc:postgresql://localhost:5432/cohichat'
2026-03-15 01:18:17.138 [N/A] INFO  o.a.coyote.http11.Http11NioProtocol - Starting ProtocolHandler ["http-nio-8080"]
2026-03-15 01:18:17.160 [N/A] INFO  o.s.b.w.e.tomcat.TomcatWebServer - Tomcat started on port 8080 (http) with context path '/api'
2026-03-15 01:18:17.692 [N/A] INFO  c.c.cohiChat.CohiChatApplication - Started CohiChatApplication in 12.265 seconds (process running for 13.53)
2026-03-15 01:18:30.833 [N/A] INFO  o.a.c.c.C.[.[localhost].[/api] - Initializing Spring DispatcherServlet 'dispatcherServlet'
2026-03-15 01:18:30.833 [N/A] INFO  o.s.web.servlet.DispatcherServlet - Initializing Servlet 'dispatcherServlet'
2026-03-15 01:18:30.835 [N/A] INFO  o.s.web.servlet.DispatcherServlet - Completed initialization in 2 ms
2026-03-15 01:18:31.106 [b6dafec5] WARN  c.c.c.g.e.GlobalExceptionHandler - [context] [FAIL] context=request method=POST path=/api/members/v1/login status=404 code=USER_NOT_FOUND
2026-03-15 01:18:31.137 [b6dafec5] WARN  c.c.c.g.o.HttpLoggingFilter - [http] [FAIL] context=request method=POST path=/api/members/v1/login status=404 durationMs=287
